Traceback (most recent call last):
  File "/home/runner/work/uw-astro-480.github.io/uw-astro-480.github.io/.venv/lib/python3.12/site-packages/jupyter_cache/executors/utils.py", line 58, in single_nb_execution
    executenb(
  File "/home/runner/work/uw-astro-480.github.io/uw-astro-480.github.io/.venv/lib/python3.12/site-packages/nbclient/client.py", line 1319, in execute
    return NotebookClient(nb=nb, resources=resources, km=km, **kwargs).execute()
           ^^^^^^^^^^^^^^^^^^^^^^^^^^^^^^^^^^^^^^^^^^^^^^^^^^^^^^^^^^^^^^^^^^^^^
  File "/home/runner/work/uw-astro-480.github.io/uw-astro-480.github.io/.venv/lib/python3.12/site-packages/jupyter_core/utils/__init__.py", line 165, in wrapped
    return loop.run_until_complete(inner)
           ^^^^^^^^^^^^^^^^^^^^^^^^^^^^^^
  File "/usr/lib/python3.12/asyncio/base_events.py", line 687, in run_until_complete
    return future.result()
           ^^^^^^^^^^^^^^^
  File "/home/runner/work/uw-astro-480.github.io/uw-astro-480.github.io/.venv/lib/python3.12/site-packages/nbclient/client.py", line 709, in async_execute
    await self.async_execute_cell(
  File "/home/runner/work/uw-astro-480.github.io/uw-astro-480.github.io/.venv/lib/python3.12/site-packages/nbclient/client.py", line 1062, in async_execute_cell
    await self._check_raise_for_error(cell, cell_index, exec_reply)
  File "/home/runner/work/uw-astro-480.github.io/uw-astro-480.github.io/.venv/lib/python3.12/site-packages/nbclient/client.py", line 918, in _check_raise_for_error
    raise CellExecutionError.from_cell_and_msg(cell, exec_reply_content)
nbclient.exceptions.CellExecutionError: An error occurred while executing the following cell:
------------------
# Create a grid of r values
rr = numpy.linspace(0, 30, 100)

# Evaluate the Gaussian function
gaussian = rp.gaussian_fit(rr)

# Plot the radial profile
_ = plt.plot(rp.radius, rp.profile, label='Radial profile')
_ = plt.plot(rr, gaussian, label='Gaussian fit')
_ = plt.xlabel('Radius (pixels)')
_ = plt.ylabel('Flux (ADU)')
_ = plt.legend()
------------------


[31m---------------------------------------------------------------------------[39m
[31mNameError[39m                                 Traceback (most recent call last)
[36mCell[39m[36m [39m[32mIn[18][39m[32m, line 2[39m
[32m      1[39m [38;5;66;03m# Create a grid of r values[39;00m
[32m----> [39m[32m2[39m rr = [43mnumpy[49m.linspace([32m0[39m, [32m30[39m, [32m100[39m)
[32m      4[39m [38;5;66;03m# Evaluate the Gaussian function[39;00m
[32m      5[39m gaussian = rp.gaussian_fit(rr)

[31mNameError[39m: name 'numpy' is not defined

